Performing C SOURCE FILE Test CMAKE_HAVE_LIBC_PTHREAD failed with the following output:
Change Dir: /home/os/code/duckdb/cbuild/CMakeFiles/CMakeTmp

Run Build Command(s):/usr/bin/make -f Makefile cmTC_3b104/fast && /usr/bin/make  -f CMakeFiles/cmTC_3b104.dir/build.make CMakeFiles/cmTC_3b104.dir/build
make[1]: Entering directory '/home/os/code/duckdb/cbuild/CMakeFiles/CMakeTmp'
Building C object CMakeFiles/cmTC_3b104.dir/src.c.o
/usr/bin/cc -DCMAKE_HAVE_LIBC_PTHREAD  -fPIE -o CMakeFiles/cmTC_3b104.dir/src.c.o -c /home/os/code/duckdb/cbuild/CMakeFiles/CMakeTmp/src.c
Linking C executable cmTC_3b104
/usr/local/bin/cmake -E cmake_link_script CMakeFiles/cmTC_3b104.dir/link.txt --verbose=1
/usr/bin/cc -rdynamic CMakeFiles/cmTC_3b104.dir/src.c.o -o cmTC_3b104 
/usr/bin/ld: CMakeFiles/cmTC_3b104.dir/src.c.o: in function `main':
src.c:(.text+0x46): undefined reference to `pthread_create'
/usr/bin/ld: src.c:(.text+0x52): undefined reference to `pthread_detach'
/usr/bin/ld: src.c:(.text+0x5e): undefined reference to `pthread_cancel'
/usr/bin/ld: src.c:(.text+0x6f): undefined reference to `pthread_join'
collect2: error: ld returned 1 exit status
make[1]: *** [CMakeFiles/cmTC_3b104.dir/build.make:99: cmTC_3b104] Error 1
make[1]: Leaving directory '/home/os/code/duckdb/cbuild/CMakeFiles/CMakeTmp'
make: *** [Makefile:127: cmTC_3b104/fast] Error 2


Source file was:
#include <pthread.h>

static void* test_func(void* data)
{
  return data;
}

int main(void)
{
  pthread_t thread;
  pthread_create(&thread, NULL, test_func, NULL);
  pthread_detach(thread);
  pthread_cancel(thread);
  pthread_join(thread, NULL);
  pthread_atfork(NULL, NULL, NULL);
  pthread_exit(NULL);

  return 0;
}

Determining if the function pthread_create exists in the pthreads failed with the following output:
Change Dir: /home/os/code/duckdb/cbuild/CMakeFiles/CMakeTmp

Run Build Command(s):/usr/bin/make -f Makefile cmTC_58b8f/fast && /usr/bin/make  -f CMakeFiles/cmTC_58b8f.dir/build.make CMakeFiles/cmTC_58b8f.dir/build
make[1]: Entering directory '/home/os/code/duckdb/cbuild/CMakeFiles/CMakeTmp'
Building C object CMakeFiles/cmTC_58b8f.dir/CheckFunctionExists.c.o
/usr/bin/cc   -DCHECK_FUNCTION_EXISTS=pthread_create -fPIE -o CMakeFiles/cmTC_58b8f.dir/CheckFunctionExists.c.o -c /usr/local/share/cmake-3.24/Modules/CheckFunctionExists.c
Linking C executable cmTC_58b8f
/usr/local/bin/cmake -E cmake_link_script CMakeFiles/cmTC_58b8f.dir/link.txt --verbose=1
/usr/bin/cc  -DCHECK_FUNCTION_EXISTS=pthread_create -rdynamic CMakeFiles/cmTC_58b8f.dir/CheckFunctionExists.c.o -o cmTC_58b8f  -lpthreads 
/usr/bin/ld: cannot find -lpthreads
collect2: error: ld returned 1 exit status
make[1]: *** [CMakeFiles/cmTC_58b8f.dir/build.make:99: cmTC_58b8f] Error 1
make[1]: Leaving directory '/home/os/code/duckdb/cbuild/CMakeFiles/CMakeTmp'
make: *** [Makefile:127: cmTC_58b8f/fast] Error 2



Performing C SOURCE FILE Test OE_SPECTRE_MITIGATION_C_FLAGS_SUPPORTED failed with the following output:
Change Dir: /home/os/code/duckdb/cbuild/CMakeFiles/CMakeTmp

Run Build Command(s):/usr/bin/make -f Makefile cmTC_01dc4/fast && /usr/bin/make  -f CMakeFiles/cmTC_01dc4.dir/build.make CMakeFiles/cmTC_01dc4.dir/build
make[1]: Entering directory '/home/os/code/duckdb/cbuild/CMakeFiles/CMakeTmp'
Building C object CMakeFiles/cmTC_01dc4.dir/src.c.o
/usr/bin/cc -DOE_SPECTRE_MITIGATION_C_FLAGS_SUPPORTED  -fPIE   -mllvm -x86-speculative-load-hardening -o CMakeFiles/cmTC_01dc4.dir/src.c.o -c /home/os/code/duckdb/cbuild/CMakeFiles/CMakeTmp/src.c
cc: error: unrecognized command line option '-mllvm'
make[1]: *** [CMakeFiles/cmTC_01dc4.dir/build.make:78: CMakeFiles/cmTC_01dc4.dir/src.c.o] Error 1
make[1]: Leaving directory '/home/os/code/duckdb/cbuild/CMakeFiles/CMakeTmp'
make: *** [Makefile:127: cmTC_01dc4/fast] Error 2


Source file was:
int main(void) { return 0; }
Performing C++ SOURCE FILE Test OE_SPECTRE_MITIGATION_CXX_FLAGS_SUPPORTED failed with the following output:
Change Dir: /home/os/code/duckdb/cbuild/CMakeFiles/CMakeTmp

Run Build Command(s):/usr/bin/make -f Makefile cmTC_014a1/fast && /usr/bin/make  -f CMakeFiles/cmTC_014a1.dir/build.make CMakeFiles/cmTC_014a1.dir/build
make[1]: Entering directory '/home/os/code/duckdb/cbuild/CMakeFiles/CMakeTmp'
Building CXX object CMakeFiles/cmTC_014a1.dir/src.cxx.o
/usr/bin/c++ -DOE_SPECTRE_MITIGATION_CXX_FLAGS_SUPPORTED  -fPIE   -mllvm -x86-speculative-load-hardening -o CMakeFiles/cmTC_014a1.dir/src.cxx.o -c /home/os/code/duckdb/cbuild/CMakeFiles/CMakeTmp/src.cxx
c++: error: unrecognized command line option '-mllvm'
make[1]: *** [CMakeFiles/cmTC_014a1.dir/build.make:78: CMakeFiles/cmTC_014a1.dir/src.cxx.o] Error 1
make[1]: Leaving directory '/home/os/code/duckdb/cbuild/CMakeFiles/CMakeTmp'
make: *** [Makefile:127: cmTC_014a1/fast] Error 2


Source file was:
int main() { return 0; }
